app/build/outputs/logs/manifest-merger-release-report.txt
-- Merging decision tree log ---
manifest
ADDED from AndroidManifest.xml:2:1
	xmlns:android
		ADDED from AndroidManifest.xml:2:11
	package
		ADDED from AndroidManifest.xml:3:5
		INJECTED from AndroidManifest.xml:0:0
		INJECTED from AndroidManifest.xml:0:0
	android:versionName
		ADDED from AndroidManifest.xml:5:5
		INJECTED from AndroidManifest.xml:0:0
		INJECTED from AndroidManifest.xml:0:0
	android:versionCode
		ADDED from AndroidManifest.xml:4:5
		INJECTED from AndroidManifest.xml:0:0
		INJECTED from AndroidManifest.xml:0:0
uses-sdk
ADDED from AndroidManifest.xml:6:5
MERGED from net.rdrei.android.dirchooser:library:2.1:2:5
MERGED from com.android.support:recyclerview-v7:22.2.0:20:5
MERGED from com.android.support:support-v4:22.2.0:20:5
	android:targetSdkVersion
		ADDED from AndroidManifest.xml:8:9
		INJECTED from AndroidManifest.xml:0:0
		INJECTED from AndroidManifest.xml:0:0
	android:minSdkVersion
		ADDED from AndroidManifest.xml:7:9
		INJECTED from AndroidManifest.xml:0:0
		INJECTED from AndroidManifest.xml:0:0
uses-permission#com.google.android.apps.photos.permission.GOOGLE_PHOTOS
ADDED from AndroidManifest.xml:9:5
	android:name
		ADDED from AndroidManifest.xml:9:22
uses-permission#android.permission.WRITE_EXTERNAL_STORAGE
ADDED from AndroidManifest.xml:10:5
	android:name
		ADDED from AndroidManifest.xml:10:22
uses-permission#android.permission.READ_EXTERNAL_STORAGE
ADDED from AndroidManifest.xml:11:5
	android:name
		ADDED from AndroidManifest.xml:11:22
application
ADDED from AndroidManifest.xml:15:5
MERGED from com.android.support:support-v4:22.2.0:22:5
	android:label
		ADDED from AndroidManifest.xml:18:9
	android:allowBackup
		ADDED from AndroidManifest.xml:16:9
	android:icon
		ADDED from AndroidManifest.xml:17:9
	android:theme
		ADDED from AndroidManifest.xml:19:9
activity#com.marz.snapprefs.ReceiveMediaActivity
ADDED from AndroidManifest.xml:20:17
	android:theme
		ADDED from AndroidManifest.xml:22:13
	android:excludeFromRecents
		ADDED from AndroidManifest.xml:23:13
	android:name
		ADDED from AndroidManifest.xml:21:13
intent-filter#android.intent.action.SEND+android.intent.category.DEFAULT
ADDED from AndroidManifest.xml:24:13
action#android.intent.action.SEND
ADDED from AndroidManifest.xml:25:17
	android:name
		ADDED from AndroidManifest.xml:25:25
category#android.intent.category.DEFAULT
ADDED from AndroidManifest.xml:26:17
	android:name
		ADDED from AndroidManifest.xml:26:27
data
ADDED from AndroidManifest.xml:27:17
	android:mimeType
		ADDED from AndroidManifest.xml:27:23
activity#com.marz.snapprefs.MainActivity
ADDED from AndroidManifest.xml:35:9
	android:label
		ADDED from AndroidManifest.xml:37:13
	android:name
		ADDED from AndroidManifest.xml:36:13
intent-filter#android.intent.action.MAIN+android.intent.category.LAUNCHER
ADDED from AndroidManifest.xml:38:13
action#android.intent.action.MAIN
ADDED from AndroidManifest.xml:39:17
	android:name
		ADDED from AndroidManifest.xml:39:25
category#android.intent.category.LAUNCHER
ADDED from AndroidManifest.xml:40:17
	android:name
		ADDED from AndroidManifest.xml:40:27
meta-data#xposedmodule
ADDED from AndroidManifest.xml:43:10
	android:name
		ADDED from AndroidManifest.xml:44:14
	android:value
		ADDED from AndroidManifest.xml:45:14
meta-data#xposedminversion
ADDED from AndroidManifest.xml:46:10
	android:name
		ADDED from AndroidManifest.xml:47:14
	android:value
		ADDED from AndroidManifest.xml:48:14
meta-data#xposeddescription
ADDED from AndroidManifest.xml:49:10
	android:name
		ADDED from AndroidManifest.xml:50:14
	android:value
		ADDED from AndroidManifest.xml:51:14
activity#net.rdrei.android.dirchooser.DirectoryChooserActivity
ADDED from AndroidManifest.xml:52:10
	android:name
		ADDED from AndroidManifest.xml:52:20